<?xml version="1.0" encoding="UTF-8"?>
<!-- Generated by org.testng.reporters.JUnitXMLReporter -->
<testsuite ignored="0" hostname="DESKTOP-DRJTCK0" failures="0" tests="3" name="Test" time="105.9" errors="0" timestamp="2025-07-29T17:14:00 GMT-07:00">
  <testcase classname="Organization_Module.CreateOrgTest" name="createNewOrgTest" time="36.916"/>
  <testcase classname="Organization_Module.CreateOrgAndPhno" name="createOrgPhno" time="35.126"/>
  <testcase classname="Organization_Module.CreateOrgIndAndType" name="createNewOrgIndAndType" time="33.776"/>
</testsuite> <!-- Test -->
